0 verbose cli [
0 verbose cli   '/usr/local/bin/node',
0 verbose cli   '/usr/local/bin/npm',
0 verbose cli   'install',
0 verbose cli   'angular-in-memory-web-api',
0 verbose cli   '--save'
0 verbose cli ]
1 info using npm@7.18.1
2 info using node@v16.4.2
3 timing npm:load:whichnode Completed in 3ms
4 timing config:load:defaults Completed in 1ms
5 timing config:load:file:/usr/local/lib/node_modules/npm/npmrc Completed in 0ms
6 timing config:load:builtin Completed in 0ms
7 timing config:load:cli Completed in 2ms
8 timing config:load:env Completed in 0ms
9 timing config:load:project Completed in 0ms
10 timing config:load:file:/usr/src/app/.npmrc Completed in 0ms
11 timing config:load:user Completed in 0ms
12 timing config:load:file:/usr/local/etc/npmrc Completed in 1ms
13 timing config:load:global Completed in 1ms
14 timing config:load:validate Completed in 0ms
15 timing config:load:credentials Completed in 0ms
16 timing config:load:setEnvs Completed in 1ms
17 timing config:load Completed in 5ms
18 timing npm:load:configload Completed in 5ms
19 timing npm:load:setTitle Completed in 0ms
20 timing npm:load:setupLog Completed in 1ms
21 timing npm:load:cleanupLog Completed in 1ms
22 timing npm:load:configScope Completed in 0ms
23 timing npm:load:projectScope Completed in 0ms
24 timing npm:load Completed in 11ms
25 timing config:load:flatten Completed in 1ms
26 timing arborist:ctor Completed in 0ms
27 timing arborist:ctor Completed in 0ms
28 timing idealTree:init Completed in 1677ms
29 warn old lockfile The package-lock.json file was created with an old version of npm,
29 warn old lockfile so supplemental metadata must be fetched from the registry.
29 warn old lockfile
29 warn old lockfile This is a one-time fix-up, please be patient...
30 silly inflate node_modules/__ngcc_entry_points__.json
31 silly inflate node_modules/abab
32 silly inflate node_modules/accepts
33 silly inflate node_modules/acorn
34 silly inflate node_modules/adjust-sourcemap-loader
35 silly inflate node_modules/agent-base
36 silly inflate node_modules/agentkeepalive
37 silly inflate node_modules/aggregate-error
38 timing idealTree Completed in 1689ms
39 timing command:install Completed in 1695ms
40 verbose stack Error: Invalid package name "__ngcc_entry_points__.json": name cannot start with an underscore
40 verbose stack     at invalidPackageName (/usr/local/lib/node_modules/npm/node_modules/npm-package-arg/npa.js:84:15)
40 verbose stack     at Result.setName (/usr/local/lib/node_modules/npm/node_modules/npm-package-arg/npa.js:119:11)
40 verbose stack     at new Result (/usr/local/lib/node_modules/npm/node_modules/npm-package-arg/npa.js:110:10)
40 verbose stack     at Function.resolve (/usr/local/lib/node_modules/npm/node_modules/npm-package-arg/npa.js:54:15)
40 verbose stack     at Array.<anonymous> (/usr/local/lib/node_modules/npm/node_modules/@npmcli/arborist/lib/arborist/build-ideal-tree.js:696:26)
40 verbose stack     at run (/usr/local/lib/node_modules/npm/node_modules/promise-call-limit/index.js:30:26)
40 verbose stack     at /usr/local/lib/node_modules/npm/node_modules/promise-call-limit/index.js:39:5
40 verbose stack     at new Promise (<anonymous>)
40 verbose stack     at callLimit (/usr/local/lib/node_modules/npm/node_modules/promise-call-limit/index.js:2:48)
40 verbose stack     at Arborist.[inflateAncientLockfile] (/usr/local/lib/node_modules/npm/node_modules/@npmcli/arborist/lib/arborist/build-ideal-tree.js:714:11)
41 verbose cwd /usr/src/app
42 verbose Linux 5.4.72-microsoft-standard-WSL2
43 verbose argv "/usr/local/bin/node" "/usr/local/bin/npm" "install" "angular-in-memory-web-api" "--save"
44 verbose node v16.4.2
45 verbose npm  v7.18.1
46 error code EINVALIDPACKAGENAME
47 error Invalid package name "__ngcc_entry_points__.json": name cannot start with an underscore
48 verbose exit 1
